<List>
	<typeChance>
		<entry>
			<String>Grass</String>
			<int>20</int>
		</entry>
	</typeChance>
	<encounters>
		<Encounter>
			<encounterType>Grass</encounterType>
			<pokemon>Rattata</pokemon>
			<minLevel>2</minLevel>
			<maxLevel>4</maxLevel>
			<chance>50</chance>
		</Encounter>
		<Encounter>
			<encounterType>Grass</encounterType>
			<pokemon>Spearow</pokemon>
			<minLevel>3</minLevel>
			<maxLevel>5</maxLevel>
			<chance>10</chance>
		</Encounter>
		<Encounter>
			<encounterType>Grass</encounterType>
			<pokemon>NidoranF</pokemon>
			<minLevel>3</minLevel>
			<maxLevel>4</maxLevel>
			<chance>5</chance>
		</Encounter>
		<Encounter>
			<encounterType>Grass</encounterType>
			<pokemon>NidoranM</pokemon>
			<minLevel>3</minLevel>
			<maxLevel>4</maxLevel>
			<chance>35</chance>
		</Encounter>
	</encounters>
</List>