<List>
	<entities>
		<Entity>
			<type>NPC</type>
			<name>child</name>
			<spriteset>child_girl</spriteset>
			<x>2</x>
			<y>3</y>
			<layer>1</layer>
			<script>Talk</script>
			<facing>South</facing>
			<strings>
				<entry>
					<string>text</string>
					<string>Rattata may be small, but its bite is wicked! Did you get one?</string>
				</entry>
			</strings>
			<behavior>WalkVertical</behavior>
		</Entity>
		<Entity>
			<type>NPC</type>
			<name>girl</name>
			<spriteset>girl1</spriteset>
			<x>8</x>
			<y>3</y>
			<layer>1</layer>
			<script>Talk</script>
			<facing>West</facing>
			<strings>
				<entry>
					<string>text</string>
					<string>Are you going to Viridian Forest? Be careful, it's a natural maze!</string>
				</entry>
			</strings>
		</Entity>
	</entities>
</List>