<List>
	<typeChance>
		<entry>
			<String>Grass</String>
			<int>20</int>
		</entry>
	</typeChance>
	<encounters>
		<Encounter>
			<encounterType>Grass</encounterType>
			<pokemon>Caterpie</pokemon>
			<minLevel>3</minLevel>
			<chance>5</chance>
		</Encounter>
		<Encounter>
			<encounterType>Grass</encounterType>
			<pokemon>Metapod</pokemon>
			<minLevel>4</minLevel>
			<chance>5</chance>
		</Encounter>
		<Encounter>
			<encounterType>Grass</encounterType>
			<pokemon>Weedle</pokemon>
			<minLevel>3</minLevel>
			<maxLevel>5</maxLevel>
			<chance>50</chance>
		</Encounter>
		<Encounter>
			<encounterType>Grass</encounterType>
			<pokemon>Kakuna</pokemon>
			<minLevel>4</minLevel>
			<maxLevel>6</maxLevel>
			<chance>35</chance>
		</Encounter>
		<Encounter>
			<encounterType>Grass</encounterType>
			<pokemon>Pikachu</pokemon>
			<minLevel>3</minLevel>
			<maxLevel>5</maxLevel>
			<chance>5</chance>
		</Encounter>
	</encounters>
</List>