<List>
  <triggers>
    <Trigger>
      <x>17</x>
      <y>0</y>
      <layer>1</layer>
      <script>$DWarp:Route2_South_Forest:5:7:1</script>
    </Trigger>
    <Trigger>
      <x>16</x>
      <y>0</y>
      <layer>1</layer>
      <script>$DWarp:Route2_South_Forest:5:7:1</script>
    </Trigger>
    <Trigger>
      <x>15</x>
      <y>0</y>
      <layer>1</layer>
      <script>$DWarp:Route2_South_Forest:5:7:1</script>
    </Trigger>
    <Trigger>
      <x>18</x>
      <y>0</y>
      <layer>1</layer>
      <script>$DWarp:Route2_South_Forest:5:7:1</script>
    </Trigger>
    <Trigger>
      <x>1</x>
      <y>47</y>
      <layer>1</layer>
      <script>$Warp:Route2_North_Forest:4:0:1</script>
    </Trigger>
    <Trigger>
      <x>2</x>
      <y>47</y>
      <layer>1</layer>
      <script>$Warp:Route2_North_Forest:4:0:1</script>
    </Trigger>
  </triggers>
</List>