<List>
  <triggers>
    <Trigger>
      <x>5</x>
      <y>12</y>
      <layer>1</layer>
      <script>$Warp:Pallet_Town_Red_Home:3:1:1</script>
    </Trigger>
    <Trigger>
      <x>13</x>
      <y>12</y>
      <layer>1</layer>
      <script>$Warp:Pallet_Town_Rival_Home:3:1:1</script>
    </Trigger>
    <Trigger>
      <x>12</x>
      <y>6</y>
      <layer>1</layer>
      <script>$Warp:Pallet_Town_Lab:5:1:1</script>
    </Trigger>
    <Trigger>
	  <x>10</x>
	  <y>16</y>
	  <layer>1</layer>
	  <script>Oak_Enc_A</script>
    </Trigger>
	<Trigger>
	  <x>11</x>
	  <y>16</y>
	  <layer>1</layer>
	  <script>Oak_Enc_B</script>
    </Trigger>
  </triggers>
</List>