<List>
  <triggers>
    <Trigger>
      <x>5</x>
      <y>1</y>
      <layer>1</layer>
      <script>$DWarp:Pallet_Town:12:6:1</script>
    </Trigger>
    <Trigger>
      <x>6</x>
      <y>1</y>
      <layer>1</layer>
      <script>$DWarp:Pallet_Town:12:6:1</script>
    </Trigger>
    <Trigger>
      <x>6</x>
      <y>6</y>
      <layer>1</layer>
      <script>Barrier:Side=Right</script>
    </Trigger>
    <Trigger>
      <x>5</x>
      <y>6</y>
      <layer>1</layer>
      <script>Barrier:Side=Left</script>
    </Trigger>
  </triggers>
</List>