<List>
	<triggers>
		<Trigger>
			<x>19</x>
			<y>26</y>
			<layer>1</layer>
			<script>Roadblock</script>
		</Trigger>
		<Trigger>
			<x>23</x>
			<y>10</y>
			<layer>1</layer>
			<script>$Warp:Viridian_City_PC:3:0:1</script>
		</Trigger>
		<Trigger>
			<x>29</x>
			<y>16</y>
			<layer>1</layer>
			<script>$Warp:Viridian_City_PM:3:0:1</script>
		</Trigger>
		<Trigger>
			<x>21</x>
			<y>20</y>
			<layer>1</layer>
			<script>$Warp:Viridian_City_School:2:0:1</script>
		</Trigger>
		<Trigger>
			<x>21</x>
			<y>26</y>
			<layer>1</layer>
			<script>$Warp:Viridian_City_House:2:0:1</script>
		</Trigger>
	</triggers>
</List>