<List>
	<entities>
		<Entity>
			<type>NPC</type>
			<name>boy</name>
			<spriteset>boy2</spriteset>
			<x>3</x>
			<y>5</y>
			<layer>1</layer>
			<script>Talk</script>
			<facing>South</facing>
			<strings>
				<entry>
					<string>text</string>
					<string>Many Pokemon live only in forests and caves./nYou need to look everywhere to get different kinds!</string>
				</entry>
			</strings>
			<behavior>LookAround</behavior>
		</Entity>
		<Entity>
			<type>NPC</type>
			<name>oldwoman</name>
			<spriteset>old_woman</spriteset>
			<x>2</x>
			<y>2</y>
			<layer>1</layer>
			<script>Talk</script>
			<facing>East</facing>
			<strings>
				<entry>
					<string>text</string>
					<string>Have you noticed the bushes on the roadside?/nThey can be cut down by a special Pokemon move.</string>
				</entry>
			</strings>
			<behavior>LookAround</behavior>
		</Entity>
	</entities>
</List>